Started GET "/" for ::1 at 2017-04-03 19:24:49 -0500
  
ActiveRecord::NoDatabaseError (FATAL:  database "amazing_race_game_development" does not exist
):
  
activerecord (5.0.2) lib/active_record/connection_adapters/postgresql_adapter.rb:675:in `rescue in connect'
activerecord (5.0.2) lib/active_record/connection_adapters/postgresql_adapter.rb:671:in `connect'
activerecord (5.0.2) lib/active_record/connection_adapters/postgresql_adapter.rb:217:in `initialize'
activerecord (5.0.2) lib/active_record/connection_adapters/postgresql_adapter.rb:37:in `new'
activerecord (5.0.2) lib/active_record/connection_adapters/postgresql_adapter.rb:37:in `postgresql_connection'
activerecord (5.0.2) lib/active_record/connection_adapters/abstract/connection_pool.rb:729:in `new_connection'
activerecord (5.0.2) lib/active_record/connection_adapters/abstract/connection_pool.rb:773:in `checkout_new_connection'
activerecord (5.0.2) lib/active_record/connection_adapters/abstract/connection_pool.rb:752:in `try_to_checkout_new_connection'
activerecord (5.0.2) lib/active_record/connection_adapters/abstract/connection_pool.rb:713:in `acquire_connection'
activerecord (5.0.2) lib/active_record/connection_adapters/abstract/connection_pool.rb:490:in `checkout'
activerecord (5.0.2) lib/active_record/connection_adapters/abstract/connection_pool.rb:364:in `connection'
activerecord (5.0.2) lib/active_record/connection_adapters/abstract/connection_pool.rb:883:in `retrieve_connection'
activerecord (5.0.2) lib/active_record/connection_handling.rb:128:in `retrieve_connection'
activerecord (5.0.2) lib/active_record/connection_handling.rb:91:in `connection'
activerecord (5.0.2) lib/active_record/migration.rb:559:in `connection'
activerecord (5.0.2) lib/active_record/migration.rb:546:in `call'
actionpack (5.0.2) lib/action_dispatch/middleware/callbacks.rb:38:in `block in call'
activesupport (5.0.2) lib/active_support/callbacks.rb:97:in `__run_callbacks__'
activesupport (5.0.2) lib/active_support/callbacks.rb:750:in `_run_call_callbacks'
activesupport (5.0.2) lib/active_support/callbacks.rb:90:in `run_callbacks'
actionpack (5.0.2) lib/action_dispatch/middleware/callbacks.rb:36:in `call'
actionpack (5.0.2) lib/action_dispatch/middleware/executor.rb:12:in `call'
actionpack (5.0.2) lib/action_dispatch/middleware/remote_ip.rb:79:in `call'
actionpack (5.0.2) lib/action_dispatch/middleware/debug_exceptions.rb:49:in `call'
web-console (3.5.0) lib/web_console/middleware.rb:135:in `call_app'
web-console (3.5.0) lib/web_console/middleware.rb:28:in `block in call'
web-console (3.5.0) lib/web_console/middleware.rb:18:in `catch'
web-console (3.5.0) lib/web_console/middleware.rb:18:in `call'
actionpack (5.0.2) lib/action_dispatch/middleware/show_exceptions.rb:31:in `call'
railties (5.0.2) lib/rails/rack/logger.rb:36:in `call_app'
railties (5.0.2) lib/rails/rack/logger.rb:24:in `block in call'
activesupport (5.0.2) lib/active_support/tagged_logging.rb:69:in `block in tagged'
activesupport (5.0.2) lib/active_support/tagged_logging.rb:26:in `tagged'
activesupport (5.0.2) lib/active_support/tagged_logging.rb:69:in `tagged'
railties (5.0.2) lib/rails/rack/logger.rb:24:in `call'
sprockets-rails (3.2.0) lib/sprockets/rails/quiet_assets.rb:13:in `call'
actionpack (5.0.2) lib/action_dispatch/middleware/request_id.rb:24:in `call'
rack (2.0.1) lib/rack/method_override.rb:22:in `call'
rack (2.0.1) lib/rack/runtime.rb:22:in `call'
activesupport (5.0.2) lib/active_support/cache/strategy/local_cache_middleware.rb:28:in `call'
actionpack (5.0.2) lib/action_dispatch/middleware/executor.rb:12:in `call'
actionpack (5.0.2) lib/action_dispatch/middleware/static.rb:136:in `call'
rack (2.0.1) lib/rack/sendfile.rb:111:in `call'
railties (5.0.2) lib/rails/engine.rb:522:in `call'
puma (3.8.2) lib/puma/configuration.rb:224:in `call'
puma (3.8.2) lib/puma/server.rb:600:in `handle_request'
puma (3.8.2) lib/puma/server.rb:435:in `process_client'
puma (3.8.2) lib/puma/server.rb:299:in `block in run'
puma (3.8.2) lib/puma/thread_pool.rb:120:in `block in spawn_thread'
  Rendering /Users/rdsida/.gem/ruby/2.3.3/gems/actionpack-5.0.2/lib/action_dispatch/middleware/templates/rescues/diagnostics.html.erb within rescues/layout
  Rendering /Users/rdsida/.gem/ruby/2.3.3/gems/actionpack-5.0.2/lib/action_dispatch/middleware/templates/rescues/_source.html.erb
  Rendered /Users/rdsida/.gem/ruby/2.3.3/gems/actionpack-5.0.2/lib/action_dispatch/middleware/templates/rescues/_source.html.erb (3.2ms)
  Rendering /Users/rdsida/.gem/ruby/2.3.3/gems/actionpack-5.0.2/lib/action_dispatch/middleware/templates/rescues/_trace.html.erb
  Rendered /Users/rdsida/.gem/ruby/2.3.3/gems/actionpack-5.0.2/lib/action_dispatch/middleware/templates/rescues/_trace.html.erb (2.5ms)
  Rendering /Users/rdsida/.gem/ruby/2.3.3/gems/actionpack-5.0.2/lib/action_dispatch/middleware/templates/rescues/_request_and_response.html.erb
  Rendered /Users/rdsida/.gem/ruby/2.3.3/gems/actionpack-5.0.2/lib/action_dispatch/middleware/templates/rescues/_request_and_response.html.erb (0.9ms)
  Rendered /Users/rdsida/.gem/ruby/2.3.3/gems/actionpack-5.0.2/lib/action_dispatch/middleware/templates/rescues/diagnostics.html.erb within rescues/layout (60.0ms)
  [1m[35m (417.5ms)[0m  [1m[35mCREATE DATABASE "amazing_race_game_development" ENCODING = 'unicode'[0m
  [1m[35m (227.3ms)[0m  [1m[35mCREATE DATABASE "amazing_race_game_test" ENCODING = 'unicode'[0m
Started GET "/" for ::1 at 2017-04-03 19:25:09 -0500
Processing by Rails::WelcomeController#index as HTML
  Parameters: {"internal"=>true}
  Rendering /Users/rdsida/.gem/ruby/2.3.3/gems/railties-5.0.2/lib/rails/templates/rails/welcome/index.html.erb
  Rendered /Users/rdsida/.gem/ruby/2.3.3/gems/railties-5.0.2/lib/rails/templates/rails/welcome/index.html.erb (3.6ms)
Completed 200 OK in 19ms (Views: 8.5ms | ActiveRecord: 0.0ms)


Started GET "/" for ::1 at 2017-04-03 21:41:15 -0500
  
ActiveRecord::PendingMigrationError (

Migrations are pending. To resolve this issue, run:

        bin/rails db:migrate RAILS_ENV=development

):
  
activerecord (5.0.2) lib/active_record/migration.rb:573:in `check_pending!'
activerecord (5.0.2) lib/active_record/migration.rb:549:in `call'
actionpack (5.0.2) lib/action_dispatch/middleware/callbacks.rb:38:in `block in call'
activesupport (5.0.2) lib/active_support/callbacks.rb:97:in `__run_callbacks__'
activesupport (5.0.2) lib/active_support/callbacks.rb:750:in `_run_call_callbacks'
activesupport (5.0.2) lib/active_support/callbacks.rb:90:in `run_callbacks'
actionpack (5.0.2) lib/action_dispatch/middleware/callbacks.rb:36:in `call'
actionpack (5.0.2) lib/action_dispatch/middleware/executor.rb:12:in `call'
actionpack (5.0.2) lib/action_dispatch/middleware/remote_ip.rb:79:in `call'
actionpack (5.0.2) lib/action_dispatch/middleware/debug_exceptions.rb:49:in `call'
web-console (3.5.0) lib/web_console/middleware.rb:135:in `call_app'
web-console (3.5.0) lib/web_console/middleware.rb:28:in `block in call'
web-console (3.5.0) lib/web_console/middleware.rb:18:in `catch'
web-console (3.5.0) lib/web_console/middleware.rb:18:in `call'
actionpack (5.0.2) lib/action_dispatch/middleware/show_exceptions.rb:31:in `call'
railties (5.0.2) lib/rails/rack/logger.rb:36:in `call_app'
railties (5.0.2) lib/rails/rack/logger.rb:24:in `block in call'
activesupport (5.0.2) lib/active_support/tagged_logging.rb:69:in `block in tagged'
activesupport (5.0.2) lib/active_support/tagged_logging.rb:26:in `tagged'
activesupport (5.0.2) lib/active_support/tagged_logging.rb:69:in `tagged'
railties (5.0.2) lib/rails/rack/logger.rb:24:in `call'
sprockets-rails (3.2.0) lib/sprockets/rails/quiet_assets.rb:13:in `call'
actionpack (5.0.2) lib/action_dispatch/middleware/request_id.rb:24:in `call'
rack (2.0.1) lib/rack/method_override.rb:22:in `call'
rack (2.0.1) lib/rack/runtime.rb:22:in `call'
activesupport (5.0.2) lib/active_support/cache/strategy/local_cache_middleware.rb:28:in `call'
actionpack (5.0.2) lib/action_dispatch/middleware/executor.rb:12:in `call'
actionpack (5.0.2) lib/action_dispatch/middleware/static.rb:136:in `call'
rack (2.0.1) lib/rack/sendfile.rb:111:in `call'
railties (5.0.2) lib/rails/engine.rb:522:in `call'
puma (3.8.2) lib/puma/configuration.rb:224:in `call'
puma (3.8.2) lib/puma/server.rb:600:in `handle_request'
puma (3.8.2) lib/puma/server.rb:435:in `process_client'
puma (3.8.2) lib/puma/server.rb:299:in `block in run'
puma (3.8.2) lib/puma/thread_pool.rb:120:in `block in spawn_thread'
  Rendering /Users/rdsida/.gem/ruby/2.3.3/gems/actionpack-5.0.2/lib/action_dispatch/middleware/templates/rescues/diagnostics.html.erb within rescues/layout
  Rendering /Users/rdsida/.gem/ruby/2.3.3/gems/actionpack-5.0.2/lib/action_dispatch/middleware/templates/rescues/_source.html.erb
  Rendered /Users/rdsida/.gem/ruby/2.3.3/gems/actionpack-5.0.2/lib/action_dispatch/middleware/templates/rescues/_source.html.erb (1.7ms)
  Rendering /Users/rdsida/.gem/ruby/2.3.3/gems/actionpack-5.0.2/lib/action_dispatch/middleware/templates/rescues/_trace.html.erb
  Rendered /Users/rdsida/.gem/ruby/2.3.3/gems/actionpack-5.0.2/lib/action_dispatch/middleware/templates/rescues/_trace.html.erb (1.3ms)
  Rendering /Users/rdsida/.gem/ruby/2.3.3/gems/actionpack-5.0.2/lib/action_dispatch/middleware/templates/rescues/_request_and_response.html.erb
  Rendered /Users/rdsida/.gem/ruby/2.3.3/gems/actionpack-5.0.2/lib/action_dispatch/middleware/templates/rescues/_request_and_response.html.erb (0.7ms)
  Rendered /Users/rdsida/.gem/ruby/2.3.3/gems/actionpack-5.0.2/lib/action_dispatch/middleware/templates/rescues/diagnostics.html.erb within rescues/layout (55.3ms)
  [1m[35m (19.8ms)[0m  [1m[35mCREATE TABLE "schema_migrations" ("version" character varying PRIMARY KEY)[0m
  [1m[35m (4.2ms)[0m  [1m[35mCREATE TABLE "ar_internal_metadata" ("key" character varying PRIMARY KEY, "value" character varying, "created_at" timestamp NOT NULL, "updated_at" timestamp NOT NULL)[0m
  [1m[35m (0.5ms)[0m  [1m[34mSELECT pg_try_advisory_lock(4886658397919334225);[0m
  [1m[36mActiveRecord::SchemaMigration Load (0.4ms)[0m  [1m[34mSELECT "schema_migrations".* FROM "schema_migrations"[0m
Migrating to DeviseCreateUsers (20170404004912)
  [1m[35m (0.1ms)[0m  [1m[35mBEGIN[0m
  [1m[35m (10.7ms)[0m  [1m[35mCREATE TABLE "users" ("id" serial primary key, "email" character varying DEFAULT '' NOT NULL, "encrypted_password" character varying DEFAULT '' NOT NULL, "name" character varying NOT NULL, "score" integer DEFAULT 0 NOT NULL, "reset_password_token" character varying, "reset_password_sent_at" timestamp, "remember_created_at" timestamp, "sign_in_count" integer DEFAULT 0 NOT NULL, "current_sign_in_at" timestamp, "last_sign_in_at" timestamp, "current_sign_in_ip" inet, "last_sign_in_ip" inet, "created_at" timestamp NOT NULL, "updated_at" timestamp NOT NULL)[0m
  [1m[35m (0.7ms)[0m  [1m[35mCREATE UNIQUE INDEX  "index_users_on_email" ON "users"  ("email")[0m
  [1m[35m (0.7ms)[0m  [1m[35mCREATE UNIQUE INDEX  "index_users_on_reset_password_token" ON "users"  ("reset_password_token")[0m
  [1m[35mSQL (0.3ms)[0m  [1m[32mINSERT INTO "schema_migrations" ("version") VALUES ($1) RETURNING "version"[0m  [["version", "20170404004912"]]
  [1m[35m (0.4ms)[0m  [1m[35mCOMMIT[0m
  [1m[36mActiveRecord::InternalMetadata Load (0.6ms)[0m  [1m[34mSELECT  "ar_internal_metadata".* FROM "ar_internal_metadata" WHERE "ar_internal_metadata"."key" = $1 LIMIT $2[0m  [["key", :environment], ["LIMIT", 1]]
  [1m[35m (0.1ms)[0m  [1m[35mBEGIN[0m
  [1m[35mSQL (0.4ms)[0m  [1m[32mINSERT INTO "ar_internal_metadata" ("key", "value", "created_at", "updated_at") VALUES ($1, $2, $3, $4) RETURNING "key"[0m  [["key", "environment"], ["value", "development"], ["created_at", 2017-04-04 02:41:30 UTC], ["updated_at", 2017-04-04 02:41:30 UTC]]
  [1m[35m (0.3ms)[0m  [1m[35mCOMMIT[0m
  [1m[35m (0.2ms)[0m  [1m[34mSELECT pg_advisory_unlock(4886658397919334225)[0m
  [1m[36mActiveRecord::SchemaMigration Load (0.1ms)[0m  [1m[34mSELECT "schema_migrations".* FROM "schema_migrations"[0m
Started GET "/" for ::1 at 2017-04-03 21:41:37 -0500
  [1m[36mActiveRecord::SchemaMigration Load (0.4ms)[0m  [1m[34mSELECT "schema_migrations".* FROM "schema_migrations"[0m
Processing by UsersController#index as HTML
  Rendering users/index.html.erb within layouts/application
  [1m[36mUser Load (0.9ms)[0m  [1m[34mSELECT "users".* FROM "users" ORDER BY score ASC[0m
  Rendered users/index.html.erb within layouts/application (5.9ms)
Started GET "/" for ::1 at 2017-04-03 21:41:41 -0500
Processing by UsersController#index as HTML
  Rendering users/index.html.erb within layouts/application
  [1m[36mUser Load (1.1ms)[0m  [1m[34mSELECT "users".* FROM "users" ORDER BY score ASC[0m
  Rendered users/index.html.erb within layouts/application (2.3ms)
  Rendered layouts/_header.html.erb (0.6ms)
Completed 200 OK in 5604ms (Views: 5591.4ms | ActiveRecord: 2.5ms)


  Rendered layouts/_header.html.erb (0.5ms)
Completed 200 OK in 2273ms (Views: 2270.0ms | ActiveRecord: 1.1ms)


Started GET "/" for ::1 at 2017-04-03 21:43:35 -0500
  [1m[36mActiveRecord::SchemaMigration Load (0.4ms)[0m  [1m[34mSELECT "schema_migrations".* FROM "schema_migrations"[0m
Processing by UsersController#index as HTML
  Rendering users/index.html.erb within layouts/application
  [1m[36mUser Load (1.1ms)[0m  [1m[34mSELECT "users".* FROM "users" ORDER BY score ASC[0m
  Rendered users/index.html.erb within layouts/application (5.5ms)
  Rendered layouts/_header.html.erb (0.8ms)
Completed 200 OK in 3173ms (Views: 3160.6ms | ActiveRecord: 2.8ms)


Started GET "/" for ::1 at 2017-04-03 21:49:31 -0500
Processing by UsersController#index as HTML
  Rendering users/index.html.erb within layouts/application
  [1m[36mUser Load (0.4ms)[0m  [1m[34mSELECT "users".* FROM "users" ORDER BY score ASC[0m
  Rendered users/index.html.erb within layouts/application (1.4ms)
  Rendered layouts/_header.html.erb (0.6ms)
Completed 200 OK in 41ms (Views: 39.3ms | ActiveRecord: 0.4ms)


Started GET "/" for ::1 at 2017-04-03 21:49:34 -0500
Processing by UsersController#index as HTML
  Rendering users/index.html.erb within layouts/application
  [1m[36mUser Load (0.3ms)[0m  [1m[34mSELECT "users".* FROM "users" ORDER BY score ASC[0m
  Rendered users/index.html.erb within layouts/application (1.2ms)
  Rendered layouts/_header.html.erb (0.4ms)
Completed 200 OK in 27ms (Views: 25.5ms | ActiveRecord: 0.3ms)


Started GET "/" for ::1 at 2017-04-03 21:49:35 -0500
Processing by UsersController#index as HTML
  Rendering users/index.html.erb within layouts/application
  [1m[36mUser Load (0.3ms)[0m  [1m[34mSELECT "users".* FROM "users" ORDER BY score ASC[0m
  Rendered users/index.html.erb within layouts/application (1.2ms)
  Rendered layouts/_header.html.erb (0.5ms)
Completed 200 OK in 30ms (Views: 28.2ms | ActiveRecord: 0.3ms)


Started GET "/" for ::1 at 2017-04-03 21:50:12 -0500
Processing by UsersController#index as HTML
  Rendering users/index.html.erb within layouts/application
  [1m[36mUser Load (0.3ms)[0m  [1m[34mSELECT "users".* FROM "users" ORDER BY score ASC[0m
  Rendered users/index.html.erb within layouts/application (1.1ms)
  Rendered layouts/_header.html.erb (0.4ms)
Completed 200 OK in 24ms (Views: 21.9ms | ActiveRecord: 0.3ms)


Started GET "/" for ::1 at 2017-04-03 21:50:26 -0500
Processing by UsersController#index as HTML
  Rendering users/index.html.erb within layouts/application
  [1m[36mUser Load (0.4ms)[0m  [1m[34mSELECT "users".* FROM "users" ORDER BY score ASC[0m
  Rendered users/index.html.erb within layouts/application (1.5ms)
  Rendered layouts/_header.html.erb (0.5ms)
Completed 200 OK in 26ms (Views: 24.0ms | ActiveRecord: 0.4ms)


Started GET "/" for ::1 at 2017-04-03 21:51:09 -0500
Processing by UsersController#index as HTML
  Rendering users/index.html.erb within layouts/application
  [1m[36mUser Load (0.3ms)[0m  [1m[34mSELECT "users".* FROM "users" ORDER BY score ASC[0m
  Rendered users/index.html.erb within layouts/application (1.3ms)
  Rendered layouts/_header.html.erb (0.4ms)
Completed 200 OK in 27ms (Views: 25.0ms | ActiveRecord: 0.3ms)


Started GET "/" for ::1 at 2017-04-03 21:52:06 -0500
Processing by UsersController#index as HTML
  Rendering users/index.html.erb within layouts/application
  [1m[36mUser Load (0.5ms)[0m  [1m[34mSELECT "users".* FROM "users" ORDER BY score ASC[0m
  Rendered users/index.html.erb within layouts/application (1.7ms)
Completed 200 OK in 27ms (Views: 25.9ms | ActiveRecord: 0.5ms)


Started GET "/" for ::1 at 2017-04-03 21:54:14 -0500
Processing by UsersController#index as HTML
  Rendering users/index.html.erb within layouts/application
  [1m[36mUser Load (0.6ms)[0m  [1m[34mSELECT "users".* FROM "users" ORDER BY score ASC[0m
  Rendered users/index.html.erb within layouts/application (2.0ms)
Completed 500 Internal Server Error in 297ms (ActiveRecord: 0.6ms)


  
ActionView::Template::Error (undefined local variable or method `overall_scores_path' for #<#<Class:0x007ffef1dc9360>:0x007ffef8038ed8>):
    23:     </div>
    24:     <div class="collapse navbar-collapse" id="navbarCollapse">
    25:       <ul class= "nav navbar-nav">
    26:         <li><%=link_to 'Home', overall_scores_path%></li>
    27:         <li>
    28:           <% if current_user%>
    29:             <%= link_to 'My Team', user_teams_path(current_user) %>
  
app/views/layouts/application.html.erb:26:in `_app_views_layouts_application_html_erb__3229415839670964780_70366529789180'
  Rendering /Users/rdsida/.gem/ruby/2.3.3/gems/actionpack-5.0.2/lib/action_dispatch/middleware/templates/rescues/template_error.html.erb within rescues/layout
  Rendering /Users/rdsida/.gem/ruby/2.3.3/gems/actionpack-5.0.2/lib/action_dispatch/middleware/templates/rescues/_source.html.erb
  Rendered /Users/rdsida/.gem/ruby/2.3.3/gems/actionpack-5.0.2/lib/action_dispatch/middleware/templates/rescues/_source.html.erb (4.1ms)
  Rendering /Users/rdsida/.gem/ruby/2.3.3/gems/actionpack-5.0.2/lib/action_dispatch/middleware/templates/rescues/_trace.html.erb
  Rendered /Users/rdsida/.gem/ruby/2.3.3/gems/actionpack-5.0.2/lib/action_dispatch/middleware/templates/rescues/_trace.html.erb (1.7ms)
  Rendering /Users/rdsida/.gem/ruby/2.3.3/gems/actionpack-5.0.2/lib/action_dispatch/middleware/templates/rescues/_request_and_response.html.erb
  Rendered /Users/rdsida/.gem/ruby/2.3.3/gems/actionpack-5.0.2/lib/action_dispatch/middleware/templates/rescues/_request_and_response.html.erb (0.8ms)
  Rendered /Users/rdsida/.gem/ruby/2.3.3/gems/actionpack-5.0.2/lib/action_dispatch/middleware/templates/rescues/template_error.html.erb within rescues/layout (52.1ms)
Started GET "/" for ::1 at 2017-04-03 21:55:12 -0500
Processing by UsersController#index as HTML
  Rendering users/index.html.erb within layouts/application
  [1m[36mUser Load (0.3ms)[0m  [1m[34mSELECT "users".* FROM "users" ORDER BY score ASC[0m
  Rendered users/index.html.erb within layouts/application (1.3ms)
Completed 500 Internal Server Error in 31ms (ActiveRecord: 0.3ms)


  
ActionView::Template::Error (uninitialized constant ActionView::CompiledTemplates::Tournament):
    45:             Scoreboards <b class="caret"></b>
    46:           </a>
    47:           <ul role="menu" class="dropdown-menu">
    48:             <li><%= link_to("Current", tournament_scorecards_path(Tournament.current_tourney)) %></li>
    49:             <li><a href="/tournaments/1/scorecards">Masters</a></li>
    50:             <li><a href="/tournaments/2/scorecards">U.S. Open</a></li>
    51:             <li><a href="/tournaments/3/scorecards">British Open</a></li>
  
app/views/layouts/application.html.erb:48:in `_app_views_layouts_application_html_erb__3229415839670964780_70366487919580'
  Rendering /Users/rdsida/.gem/ruby/2.3.3/gems/actionpack-5.0.2/lib/action_dispatch/middleware/templates/rescues/template_error.html.erb within rescues/layout
  Rendering /Users/rdsida/.gem/ruby/2.3.3/gems/actionpack-5.0.2/lib/action_dispatch/middleware/templates/rescues/_source.html.erb
  Rendered /Users/rdsida/.gem/ruby/2.3.3/gems/actionpack-5.0.2/lib/action_dispatch/middleware/templates/rescues/_source.html.erb (3.2ms)
  Rendering /Users/rdsida/.gem/ruby/2.3.3/gems/actionpack-5.0.2/lib/action_dispatch/middleware/templates/rescues/_trace.html.erb
  Rendered /Users/rdsida/.gem/ruby/2.3.3/gems/actionpack-5.0.2/lib/action_dispatch/middleware/templates/rescues/_trace.html.erb (1.8ms)
  Rendering /Users/rdsida/.gem/ruby/2.3.3/gems/actionpack-5.0.2/lib/action_dispatch/middleware/templates/rescues/_request_and_response.html.erb
  Rendered /Users/rdsida/.gem/ruby/2.3.3/gems/actionpack-5.0.2/lib/action_dispatch/middleware/templates/rescues/_request_and_response.html.erb (0.6ms)
  Rendered /Users/rdsida/.gem/ruby/2.3.3/gems/actionpack-5.0.2/lib/action_dispatch/middleware/templates/rescues/template_error.html.erb within rescues/layout (46.7ms)
Started GET "/" for ::1 at 2017-04-03 21:56:07 -0500
Processing by UsersController#index as HTML
  Rendering users/index.html.erb within layouts/application
  [1m[36mUser Load (0.4ms)[0m  [1m[34mSELECT "users".* FROM "users" ORDER BY score ASC[0m
  Rendered users/index.html.erb within layouts/application (1.2ms)
Completed 500 Internal Server Error in 29ms (ActiveRecord: 0.4ms)


  
ActionView::Template::Error (Missing partial devise/menu/_registration_items with {:locale=>[:en], :formats=>[:html], :variants=>[], :handlers=>[:raw, :erb, :html, :builder, :ruby, :coffee, :jbuilder]}. Searched in:
  * "/Users/rdsida/amazing_race_game/app/views"
  * "/Users/rdsida/.gem/ruby/2.3.3/gems/devise-4.2.1/app/views"
):
    63:           </li>
    64:         <% end %>
    65:         <li>    <a href="#myModal" data-toggle="modal">Rules</a></li>
    66:         <%= render 'devise/menu/registration_items' %>
    67:         <%= render 'devise/menu/login_items' %>
    68:       </ul>
    69:     </div>
  
app/views/layouts/application.html.erb:66:in `_app_views_layouts_application_html_erb__3229415839670964780_70366490897620'
  Rendering /Users/rdsida/.gem/ruby/2.3.3/gems/actionpack-5.0.2/lib/action_dispatch/middleware/templates/rescues/template_error.html.erb within rescues/layout
  Rendering /Users/rdsida/.gem/ruby/2.3.3/gems/actionpack-5.0.2/lib/action_dispatch/middleware/templates/rescues/_source.html.erb
  Rendered /Users/rdsida/.gem/ruby/2.3.3/gems/actionpack-5.0.2/lib/action_dispatch/middleware/templates/rescues/_source.html.erb (2.6ms)
  Rendering /Users/rdsida/.gem/ruby/2.3.3/gems/actionpack-5.0.2/lib/action_dispatch/middleware/templates/rescues/_trace.html.erb
  Rendered /Users/rdsida/.gem/ruby/2.3.3/gems/actionpack-5.0.2/lib/action_dispatch/middleware/templates/rescues/_trace.html.erb (1.4ms)
  Rendering /Users/rdsida/.gem/ruby/2.3.3/gems/actionpack-5.0.2/lib/action_dispatch/middleware/templates/rescues/_request_and_response.html.erb
  Rendered /Users/rdsida/.gem/ruby/2.3.3/gems/actionpack-5.0.2/lib/action_dispatch/middleware/templates/rescues/_request_and_response.html.erb (0.6ms)
  Rendered /Users/rdsida/.gem/ruby/2.3.3/gems/actionpack-5.0.2/lib/action_dispatch/middleware/templates/rescues/template_error.html.erb within rescues/layout (46.2ms)
Started GET "/" for ::1 at 2017-04-03 21:56:26 -0500
Processing by UsersController#index as HTML
  Rendering users/index.html.erb within layouts/application
  [1m[36mUser Load (0.5ms)[0m  [1m[34mSELECT "users".* FROM "users" ORDER BY score ASC[0m
  Rendered users/index.html.erb within layouts/application (1.5ms)
Completed 200 OK in 21ms (Views: 18.9ms | ActiveRecord: 0.5ms)


Started GET "/" for ::1 at 2017-04-03 21:58:12 -0500
Processing by UsersController#index as HTML
  Rendering users/index.html.erb within layouts/application
  [1m[36mUser Load (0.3ms)[0m  [1m[34mSELECT "users".* FROM "users" ORDER BY score ASC[0m
  Rendered users/index.html.erb within layouts/application (1.0ms)
Completed 500 Internal Server Error in 236ms (ActiveRecord: 0.3ms)


  
ActionView::Template::Error (undefined local variable or method `overall_scores_path' for #<#<Class:0x007ffef1dc9360>:0x007ffef5602240>):
    23:       </div>
    24:       <div class="collapse navbar-collapse" id="navbarCollapse">
    25:         <ul class= "nav navbar-nav">
    26:           <li><%=link_to 'Home', overall_scores_path%></li>
    27:           <li>
    28:             <% if current_user%>
    29:               <%= link_to 'My Team', user_teams_path(current_user) %>
  
app/views/layouts/application.html.erb:26:in `_app_views_layouts_application_html_erb__3229415839670964780_70366453763580'
  Rendering /Users/rdsida/.gem/ruby/2.3.3/gems/actionpack-5.0.2/lib/action_dispatch/middleware/templates/rescues/template_error.html.erb within rescues/layout
  Rendering /Users/rdsida/.gem/ruby/2.3.3/gems/actionpack-5.0.2/lib/action_dispatch/middleware/templates/rescues/_source.html.erb
  Rendered /Users/rdsida/.gem/ruby/2.3.3/gems/actionpack-5.0.2/lib/action_dispatch/middleware/templates/rescues/_source.html.erb (2.4ms)
  Rendering /Users/rdsida/.gem/ruby/2.3.3/gems/actionpack-5.0.2/lib/action_dispatch/middleware/templates/rescues/_trace.html.erb
  Rendered /Users/rdsida/.gem/ruby/2.3.3/gems/actionpack-5.0.2/lib/action_dispatch/middleware/templates/rescues/_trace.html.erb (1.2ms)
  Rendering /Users/rdsida/.gem/ruby/2.3.3/gems/actionpack-5.0.2/lib/action_dispatch/middleware/templates/rescues/_request_and_response.html.erb
  Rendered /Users/rdsida/.gem/ruby/2.3.3/gems/actionpack-5.0.2/lib/action_dispatch/middleware/templates/rescues/_request_and_response.html.erb (0.5ms)
  Rendered /Users/rdsida/.gem/ruby/2.3.3/gems/actionpack-5.0.2/lib/action_dispatch/middleware/templates/rescues/template_error.html.erb within rescues/layout (43.5ms)
Started GET "/" for ::1 at 2017-04-03 21:58:53 -0500
Processing by UsersController#index as HTML
  Rendering users/index.html.erb within layouts/application
  [1m[36mUser Load (0.3ms)[0m  [1m[34mSELECT "users".* FROM "users" ORDER BY score ASC[0m
  Rendered users/index.html.erb within layouts/application (1.1ms)
Completed 500 Internal Server Error in 207ms (ActiveRecord: 0.3ms)


  
ActionView::Template::Error (undefined local variable or method `overall_scores_path' for #<#<Class:0x007ffef1dc9360>:0x007ffef5062178>):
    23:       </div>
    24:       <div class="collapse navbar-collapse" id="navbarCollapse">
    25:         <ul class= "nav navbar-nav">
    26:           <li><%=link_to 'Home', overall_scores_path%></li>
    27:           <li>
    28:             <% if current_user%>
    29:               <%= link_to 'My Team' %>
  
app/views/layouts/application.html.erb:26:in `_app_views_layouts_application_html_erb__3229415839670964780_70366518447240'
  Rendering /Users/rdsida/.gem/ruby/2.3.3/gems/actionpack-5.0.2/lib/action_dispatch/middleware/templates/rescues/template_error.html.erb within rescues/layout
  Rendering /Users/rdsida/.gem/ruby/2.3.3/gems/actionpack-5.0.2/lib/action_dispatch/middleware/templates/rescues/_source.html.erb
  Rendered /Users/rdsida/.gem/ruby/2.3.3/gems/actionpack-5.0.2/lib/action_dispatch/middleware/templates/rescues/_source.html.erb (2.8ms)
  Rendering /Users/rdsida/.gem/ruby/2.3.3/gems/actionpack-5.0.2/lib/action_dispatch/middleware/templates/rescues/_trace.html.erb
  Rendered /Users/rdsida/.gem/ruby/2.3.3/gems/actionpack-5.0.2/lib/action_dispatch/middleware/templates/rescues/_trace.html.erb (1.3ms)
  Rendering /Users/rdsida/.gem/ruby/2.3.3/gems/actionpack-5.0.2/lib/action_dispatch/middleware/templates/rescues/_request_and_response.html.erb
  Rendered /Users/rdsida/.gem/ruby/2.3.3/gems/actionpack-5.0.2/lib/action_dispatch/middleware/templates/rescues/_request_and_response.html.erb (0.6ms)
  Rendered /Users/rdsida/.gem/ruby/2.3.3/gems/actionpack-5.0.2/lib/action_dispatch/middleware/templates/rescues/template_error.html.erb within rescues/layout (46.3ms)
Started GET "/" for ::1 at 2017-04-03 21:59:06 -0500
Processing by UsersController#index as HTML
  Rendering users/index.html.erb within layouts/application
  [1m[36mUser Load (0.3ms)[0m  [1m[34mSELECT "users".* FROM "users" ORDER BY score ASC[0m
  Rendered users/index.html.erb within layouts/application (1.3ms)
Completed 200 OK in 28ms (Views: 26.5ms | ActiveRecord: 0.3ms)


Started GET "/" for ::1 at 2017-04-03 22:00:53 -0500
  [1m[36mActiveRecord::SchemaMigration Load (0.3ms)[0m  [1m[34mSELECT "schema_migrations".* FROM "schema_migrations"[0m
Processing by UsersController#index as HTML
  Rendering users/index.html.erb within layouts/application
  [1m[36mUser Load (0.8ms)[0m  [1m[34mSELECT "users".* FROM "users" ORDER BY score ASC[0m
  Rendered users/index.html.erb within layouts/application (5.0ms)
Completed 200 OK in 3062ms (Views: 3050.2ms | ActiveRecord: 2.3ms)


Started GET "/" for ::1 at 2017-04-03 22:03:39 -0500
Processing by UsersController#index as HTML
  Rendering users/index.html.erb within layouts/application
  [1m[36mUser Load (0.3ms)[0m  [1m[34mSELECT "users".* FROM "users" ORDER BY score ASC[0m
  Rendered users/index.html.erb within layouts/application (1.3ms)
Completed 200 OK in 29ms (Views: 27.1ms | ActiveRecord: 0.3ms)


Started GET "/" for ::1 at 2017-04-03 22:03:58 -0500
Processing by UsersController#index as HTML
  Rendering users/index.html.erb within layouts/application
  [1m[36mUser Load (1.0ms)[0m  [1m[34mSELECT "users".* FROM "users" ORDER BY score ASC[0m
  Rendered users/index.html.erb within layouts/application (2.1ms)
Completed 200 OK in 27ms (Views: 24.3ms | ActiveRecord: 1.0ms)


Started GET "/" for ::1 at 2017-04-03 22:04:07 -0500
Processing by UsersController#index as HTML
  Rendering users/index.html.erb within layouts/application
  [1m[36mUser Load (0.4ms)[0m  [1m[34mSELECT "users".* FROM "users" ORDER BY score ASC[0m
  Rendered users/index.html.erb within layouts/application (1.4ms)
Completed 200 OK in 28ms (Views: 26.6ms | ActiveRecord: 0.4ms)


Started GET "/" for ::1 at 2017-04-03 22:09:51 -0500
Processing by UsersController#index as HTML
  Rendering users/index.html.erb within layouts/application
  [1m[36mUser Load (0.3ms)[0m  [1m[34mSELECT "users".* FROM "users" ORDER BY score ASC[0m
  Rendered users/index.html.erb within layouts/application (1.4ms)
Completed 500 Internal Server Error in 19ms (ActiveRecord: 0.3ms)


  
ActionView::Template::Error (Inconsistent indentation: 10 spaces were used for indentation, but the rest of the document was indented using 4 spaces.):
    4:     <meta name="viewport" content="width=device-width, initial-scale=1">
    5:     <title>Amazing Race Game</title>
    6: 
    7:     <%= stylesheet_link_tag    'application', media: 'all', 'data-turbolinks-track': 'reload' %>
    8:     <%= javascript_include_tag 'application', 'data-turbolinks-track': 'reload' %>
    9:     <%= csrf_meta_tags %>
   10:   </head>
  
app/assets/stylesheets/application.css.sass:54
app/views/layouts/application.html.erb:7:in `_app_views_layouts_application_html_erb___2428603535558242434_70209044717820'
  Rendering /Users/rdsida/.gem/ruby/2.3.3/gems/actionpack-5.0.2/lib/action_dispatch/middleware/templates/rescues/template_error.html.erb within rescues/layout
  Rendering /Users/rdsida/.gem/ruby/2.3.3/gems/actionpack-5.0.2/lib/action_dispatch/middleware/templates/rescues/_source.html.erb
  Rendered /Users/rdsida/.gem/ruby/2.3.3/gems/actionpack-5.0.2/lib/action_dispatch/middleware/templates/rescues/_source.html.erb (5.4ms)
  Rendering /Users/rdsida/.gem/ruby/2.3.3/gems/actionpack-5.0.2/lib/action_dispatch/middleware/templates/rescues/_trace.html.erb
  Rendered /Users/rdsida/.gem/ruby/2.3.3/gems/actionpack-5.0.2/lib/action_dispatch/middleware/templates/rescues/_trace.html.erb (2.1ms)
  Rendering /Users/rdsida/.gem/ruby/2.3.3/gems/actionpack-5.0.2/lib/action_dispatch/middleware/templates/rescues/_request_and_response.html.erb
  Rendered /Users/rdsida/.gem/ruby/2.3.3/gems/actionpack-5.0.2/lib/action_dispatch/middleware/templates/rescues/_request_and_response.html.erb (0.7ms)
  Rendered /Users/rdsida/.gem/ruby/2.3.3/gems/actionpack-5.0.2/lib/action_dispatch/middleware/templates/rescues/template_error.html.erb within rescues/layout (53.8ms)
Started GET "/" for ::1 at 2017-04-03 22:10:47 -0500
Processing by UsersController#index as HTML
  Rendering users/index.html.erb within layouts/application
  [1m[36mUser Load (0.4ms)[0m  [1m[34mSELECT "users".* FROM "users" ORDER BY score ASC[0m
  Rendered users/index.html.erb within layouts/application (1.5ms)
Completed 200 OK in 1243ms (Views: 1240.9ms | ActiveRecord: 0.4ms)


Started GET "/" for ::1 at 2017-04-03 22:21:10 -0500
Processing by UsersController#index as HTML
  Rendering users/index.html.erb within layouts/application
  [1m[36mUser Load (0.4ms)[0m  [1m[34mSELECT "users".* FROM "users" ORDER BY score ASC[0m
  Rendered users/index.html.erb within layouts/application (1.4ms)
Completed 500 Internal Server Error in 15ms (ActiveRecord: 0.4ms)


  
ActionView::Template::Error (Invalid CSS after "#e74c3c": expected expression (e.g. 1px, bold), was ";"):
    4:     <meta name="viewport" content="width=device-width, initial-scale=1">
    5:     <title>Amazing Race Game</title>
    6: 
    7:     <%= stylesheet_link_tag    'application', media: 'all', 'data-turbolinks-track': 'reload' %>
    8:     <%= javascript_include_tag 'application', 'data-turbolinks-track': 'reload' %>
    9:     <%= csrf_meta_tags %>
   10:   </head>
  
app/assets/stylesheets/application.css.sass:4
app/views/layouts/application.html.erb:7:in `_app_views_layouts_application_html_erb___2428603535558242434_70209057594600'
  Rendering /Users/rdsida/.gem/ruby/2.3.3/gems/actionpack-5.0.2/lib/action_dispatch/middleware/templates/rescues/template_error.html.erb within rescues/layout
  Rendering /Users/rdsida/.gem/ruby/2.3.3/gems/actionpack-5.0.2/lib/action_dispatch/middleware/templates/rescues/_source.html.erb
  Rendered /Users/rdsida/.gem/ruby/2.3.3/gems/actionpack-5.0.2/lib/action_dispatch/middleware/templates/rescues/_source.html.erb (4.9ms)
  Rendering /Users/rdsida/.gem/ruby/2.3.3/gems/actionpack-5.0.2/lib/action_dispatch/middleware/templates/rescues/_trace.html.erb
  Rendered /Users/rdsida/.gem/ruby/2.3.3/gems/actionpack-5.0.2/lib/action_dispatch/middleware/templates/rescues/_trace.html.erb (2.3ms)
  Rendering /Users/rdsida/.gem/ruby/2.3.3/gems/actionpack-5.0.2/lib/action_dispatch/middleware/templates/rescues/_request_and_response.html.erb
  Rendered /Users/rdsida/.gem/ruby/2.3.3/gems/actionpack-5.0.2/lib/action_dispatch/middleware/templates/rescues/_request_and_response.html.erb (0.8ms)
  Rendered /Users/rdsida/.gem/ruby/2.3.3/gems/actionpack-5.0.2/lib/action_dispatch/middleware/templates/rescues/template_error.html.erb within rescues/layout (56.1ms)
Started GET "/" for ::1 at 2017-04-03 22:21:24 -0500
Processing by UsersController#index as HTML
  Rendering users/index.html.erb within layouts/application
  [1m[36mUser Load (0.5ms)[0m  [1m[34mSELECT "users".* FROM "users" ORDER BY score ASC[0m
  Rendered users/index.html.erb within layouts/application (1.4ms)
Completed 200 OK in 1224ms (Views: 1222.7ms | ActiveRecord: 0.5ms)


Started GET "/" for ::1 at 2017-04-03 22:22:17 -0500
Processing by UsersController#index as HTML
  Rendering users/index.html.erb within layouts/application
  [1m[36mUser Load (0.3ms)[0m  [1m[34mSELECT "users".* FROM "users" ORDER BY score ASC[0m
  Rendered users/index.html.erb within layouts/application (1.1ms)
Completed 200 OK in 1183ms (Views: 1181.3ms | ActiveRecord: 0.3ms)


Started GET "/" for ::1 at 2017-04-03 22:23:50 -0500
Processing by UsersController#index as HTML
  Rendering users/index.html.erb within layouts/application
  [1m[36mUser Load (0.4ms)[0m  [1m[34mSELECT "users".* FROM "users" ORDER BY score ASC[0m
  Rendered users/index.html.erb within layouts/application (1.3ms)
Completed 200 OK in 21ms (Views: 18.9ms | ActiveRecord: 0.4ms)


Started GET "/" for ::1 at 2017-04-03 22:24:28 -0500
Processing by UsersController#index as HTML
  Rendering users/index.html.erb within layouts/application
  [1m[36mUser Load (0.4ms)[0m  [1m[34mSELECT "users".* FROM "users" ORDER BY score ASC[0m
  Rendered users/index.html.erb within layouts/application (1.1ms)
Completed 200 OK in 20ms (Views: 18.6ms | ActiveRecord: 0.4ms)


Started GET "/" for ::1 at 2017-04-03 22:42:00 -0500
Processing by UsersController#index as HTML
  Rendering users/index.html.erb within layouts/application
  [1m[36mUser Load (0.4ms)[0m  [1m[34mSELECT "users".* FROM "users" ORDER BY score ASC[0m
  Rendered users/index.html.erb within layouts/application (1.3ms)
Completed 500 Internal Server Error in 7ms (ActiveRecord: 0.4ms)


  
SyntaxError (/Users/rdsida/amazing_race_game/app/views/layouts/application.html.erb:37: unknown regexp option - l
unmatched close parenthesis: /li>
              <% end );@output_buffer.safe_append='
            </
/Users/rdsida/amazing_race_game/app/views/layouts/application.html.erb:38: syntax error, unexpected '<'
          </li>
           ^
/Users/rdsida/amazing_race_game/app/views/layouts/application.html.erb:41: unknown regexp option - b
/Users/rdsida/amazing_race_game/app/views/layouts/application.html.erb:42: syntax error, unexpected '<'
            </a>
             ^
/Users/rdsida/amazing_race_game/app/views/layouts/application.html.erb:44: unknown regexp option - l
/Users/rdsida/amazing_race_game/app/views/layouts/application.html.erb:45: syntax error, unexpected '<'
              <li><a href="/tournaments/1/scorecards">Masters</a></li>
               ^
/Users/rdsida/amazing_race_game/app/views/layouts/application.html.erb:45: unknown regexp option - l
/Users/rdsida/amazing_race_game/app/views/layouts/application.html.erb:46: syntax error, unexpected '<'
              <li><a href="/tournaments/2/sc...
               ^
/Users/rdsida/amazing_race_game/app/views/layouts/application.html.erb:46: unknown regexp option - l
/Users/rdsida/amazing_race_game/app/views/layouts/application.html.erb:47: syntax error, unexpected '<'
              <li><a href="/tournaments/3/sc...
               ^
/Users/rdsida/amazing_race_game/app/views/layouts/application.html.erb:47: syntax error, unexpected tCONSTANT, expecting keyword_do or '{' or '('
...ents/3/scorecards">British Open</a></li>
...                               ^
/Users/rdsida/amazing_race_game/app/views/layouts/application.html.erb:47: unknown regexp option - l
/Users/rdsida/amazing_race_game/app/views/layouts/application.html.erb:48: syntax error, unexpected '<'
              <li><a href="/tournaments/4/sc...
               ^
/Users/rdsida/amazing_race_game/app/views/layouts/application.html.erb:48: syntax error, unexpected tCONSTANT, expecting keyword_do or '{' or '('
.../4/scorecards">PGA Championship</a></li>
...                               ^
/Users/rdsida/amazing_race_game/app/views/layouts/application.html.erb:48: unknown regexp option - l
/Users/rdsida/amazing_race_game/app/views/layouts/application.html.erb:49: syntax error, unexpected '<'
            </ul>
             ^
/Users/rdsida/amazing_race_game/app/views/layouts/application.html.erb:50: unknown regexp option - l
/Users/rdsida/amazing_race_game/app/views/layouts/application.html.erb:52: syntax error, unexpected keyword_class, expecting keyword_do or '{' or '('
@output_buffer.safe_append='            <li class="dropdown">
                                                 ^
/Users/rdsida/amazing_race_game/app/views/layouts/application.html.erb:53: syntax error, unexpected '<'
              <a data-toggle="dropdown" clas...
               ^
/Users/rdsida/amazing_race_game/app/views/layouts/application.html.erb:53: syntax error, unexpected keyword_class, expecting ')'
...<a data-toggle="dropdown" class="dropdown-toggle" href="#">
...                               ^
/Users/rdsida/amazing_race_game/app/views/layouts/application.html.erb:53: syntax error, unexpected tIDENTIFIER, expecting ')'
...n" class="dropdown-toggle" href="#">
...                               ^
/Users/rdsida/amazing_race_game/app/views/layouts/application.html.erb:54: syntax error, unexpected keyword_class, expecting keyword_do or '{' or '('
              Admin <b class="caret"></b>
                            ^
/Users/rdsida/amazing_race_game/app/views/layouts/application.html.erb:54: syntax error, unexpected '<'
              Admin <b class="caret"></b>
                                      ^
/Users/rdsida/amazing_race_game/app/views/layouts/application.html.erb:56: unknown regexp options - crcard
/Users/rdsida/amazing_race_game/app/views/layouts/application.html.erb:56: syntax error, unexpected tSTRING_BEG, expecting keyword_do or '{' or '('
                <li><a href="/scorecards/all/edit">Edit Card</a></li>
                                                  ^
/Users/rdsida/amazing_race_game/app/views/layouts/application.html.erb:57: syntax error, unexpected tSTRING_BEG, expecting keyword_do or '{' or '('
                <li><a href="/players/all/edit">Edit Players</a></li>
                                               ^
/Users/rdsida/amazing_race_game/app/views/layouts/application.html.erb:62: syntax error, unexpected '<', expecting ')'
        </ul>
         ^
/Users/rdsida/amazing_race_game/app/views/layouts/application.html.erb:63: unknown regexp options - dv
/Users/rdsida/amazing_race_game/app/views/layouts/application.html.erb:64: syntax error, unexpected '<'
    </div>
     ^
/Users/rdsida/amazing_race_game/app/views/layouts/application.html.erb:65: unknown regexp options - av
/Users/rdsida/amazing_race_game/app/views/layouts/application.html.erb:66: syntax error, unexpected '<'
  <div class="row" style=\'height: 5em\'>
   ^
/Users/rdsida/amazing_race_game/app/views/layouts/application.html.erb:66: syntax error, unexpected tIDENTIFIER, expecting ')'
  <div class="row" style=\'height: 5em\'>
                        ^
/Users/rdsida/amazing_race_game/app/views/layouts/application.html.erb:112: syntax error, unexpected keyword_ensure, expecting ')'
/Users/rdsida/amazing_race_game/app/views/layouts/application.html.erb:114: syntax error, unexpected keyword_end, expecting ')'):
  
app/views/layouts/application.html.erb:37: unknown regexp option - l
app/views/layouts/application.html.erb:38: syntax error, unexpected '<'
app/views/layouts/application.html.erb:41: unknown regexp option - b
app/views/layouts/application.html.erb:42: syntax error, unexpected '<'
app/views/layouts/application.html.erb:44: unknown regexp option - l
app/views/layouts/application.html.erb:45: syntax error, unexpected '<'
app/views/layouts/application.html.erb:45: unknown regexp option - l
app/views/layouts/application.html.erb:46: syntax error, unexpected '<'
app/views/layouts/application.html.erb:46: unknown regexp option - l
app/views/layouts/application.html.erb:47: syntax error, unexpected '<'
app/views/layouts/application.html.erb:47: syntax error, unexpected tCONSTANT, expecting keyword_do or '{' or '('
app/views/layouts/application.html.erb:47: unknown regexp option - l
app/views/layouts/application.html.erb:48: syntax error, unexpected '<'
app/views/layouts/application.html.erb:48: syntax error, unexpected tCONSTANT, expecting keyword_do or '{' or '('
app/views/layouts/application.html.erb:48: unknown regexp option - l
app/views/layouts/application.html.erb:49: syntax error, unexpected '<'
app/views/layouts/application.html.erb:50: unknown regexp option - l
app/views/layouts/application.html.erb:52: syntax error, unexpected keyword_class, expecting keyword_do or '{' or '('
app/views/layouts/application.html.erb:53: syntax error, unexpected '<'
app/views/layouts/application.html.erb:53: syntax error, unexpected keyword_class, expecting ')'
app/views/layouts/application.html.erb:53: syntax error, unexpected tIDENTIFIER, expecting ')'
app/views/layouts/application.html.erb:54: syntax error, unexpected keyword_class, expecting keyword_do or '{' or '('
app/views/layouts/application.html.erb:54: syntax error, unexpected '<'
app/views/layouts/application.html.erb:56: unknown regexp options - crcard
app/views/layouts/application.html.erb:56: syntax error, unexpected tSTRING_BEG, expecting keyword_do or '{' or '('
app/views/layouts/application.html.erb:57: syntax error, unexpected tSTRING_BEG, expecting keyword_do or '{' or '('
app/views/layouts/application.html.erb:62: syntax error, unexpected '<', expecting ')'
app/views/layouts/application.html.erb:63: unknown regexp options - dv
app/views/layouts/application.html.erb:64: syntax error, unexpected '<'
app/views/layouts/application.html.erb:65: unknown regexp options - av
app/views/layouts/application.html.erb:66: syntax error, unexpected '<'
app/views/layouts/application.html.erb:66: syntax error, unexpected tIDENTIFIER, expecting ')'
app/views/layouts/application.html.erb:112: syntax error, unexpected keyword_ensure, expecting ')'
app/views/layouts/application.html.erb:114: syntax error, unexpected keyword_end, expecting ')'
  Rendering /Users/rdsida/.gem/ruby/2.3.3/gems/actionpack-5.0.2/lib/action_dispatch/middleware/templates/rescues/diagnostics.html.erb within rescues/layout
  Rendering /Users/rdsida/.gem/ruby/2.3.3/gems/actionpack-5.0.2/lib/action_dispatch/middleware/templates/rescues/_source.html.erb
  Rendered /Users/rdsida/.gem/ruby/2.3.3/gems/actionpack-5.0.2/lib/action_dispatch/middleware/templates/rescues/_source.html.erb (3.6ms)
  Rendering /Users/rdsida/.gem/ruby/2.3.3/gems/actionpack-5.0.2/lib/action_dispatch/middleware/templates/rescues/_trace.html.erb
  Rendered /Users/rdsida/.gem/ruby/2.3.3/gems/actionpack-5.0.2/lib/action_dispatch/middleware/templates/rescues/_trace.html.erb (2.6ms)
  Rendering /Users/rdsida/.gem/ruby/2.3.3/gems/actionpack-5.0.2/lib/action_dispatch/middleware/templates/rescues/_request_and_response.html.erb
  Rendered /Users/rdsida/.gem/ruby/2.3.3/gems/actionpack-5.0.2/lib/action_dispatch/middleware/templates/rescues/_request_and_response.html.erb (0.7ms)
  Rendered /Users/rdsida/.gem/ruby/2.3.3/gems/actionpack-5.0.2/lib/action_dispatch/middleware/templates/rescues/diagnostics.html.erb within rescues/layout (53.4ms)
Started GET "/" for ::1 at 2017-04-03 22:42:13 -0500
Processing by UsersController#index as HTML
  Rendering users/index.html.erb within layouts/application
  [1m[36mUser Load (0.4ms)[0m  [1m[34mSELECT "users".* FROM "users" ORDER BY score ASC[0m
  Rendered users/index.html.erb within layouts/application (1.1ms)
Completed 500 Internal Server Error in 30ms (ActiveRecord: 0.4ms)


  
ActionView::Template::Error (uninitialized constant ActionView::CompiledTemplates::Week):
    31:               Weeks <b class="caret"></b>
    32:             </a>
    33:             <ul role="menu" class="dropdown-menu">
    34:               <% Week.all.each do |week| %>
    35:                 <li><%= link_to "Week #{week}"%></li>
    36:               <% end %>
    37:             </ul>
  
app/views/layouts/application.html.erb:34:in `_app_views_layouts_application_html_erb___2428603535558242434_70209041894240'
  Rendering /Users/rdsida/.gem/ruby/2.3.3/gems/actionpack-5.0.2/lib/action_dispatch/middleware/templates/rescues/template_error.html.erb within rescues/layout
  Rendering /Users/rdsida/.gem/ruby/2.3.3/gems/actionpack-5.0.2/lib/action_dispatch/middleware/templates/rescues/_source.html.erb
  Rendered /Users/rdsida/.gem/ruby/2.3.3/gems/actionpack-5.0.2/lib/action_dispatch/middleware/templates/rescues/_source.html.erb (3.3ms)
  Rendering /Users/rdsida/.gem/ruby/2.3.3/gems/actionpack-5.0.2/lib/action_dispatch/middleware/templates/rescues/_trace.html.erb
  Rendered /Users/rdsida/.gem/ruby/2.3.3/gems/actionpack-5.0.2/lib/action_dispatch/middleware/templates/rescues/_trace.html.erb (1.4ms)
  Rendering /Users/rdsida/.gem/ruby/2.3.3/gems/actionpack-5.0.2/lib/action_dispatch/middleware/templates/rescues/_request_and_response.html.erb
  Rendered /Users/rdsida/.gem/ruby/2.3.3/gems/actionpack-5.0.2/lib/action_dispatch/middleware/templates/rescues/_request_and_response.html.erb (0.5ms)
  Rendered /Users/rdsida/.gem/ruby/2.3.3/gems/actionpack-5.0.2/lib/action_dispatch/middleware/templates/rescues/template_error.html.erb within rescues/layout (44.2ms)
Started GET "/" for ::1 at 2017-04-03 22:56:01 -0500
  [1m[36mActiveRecord::SchemaMigration Load (0.6ms)[0m  [1m[34mSELECT "schema_migrations".* FROM "schema_migrations"[0m
  
ActiveRecord::PendingMigrationError (

Migrations are pending. To resolve this issue, run:

        bin/rails db:migrate RAILS_ENV=development

):
  
activerecord (5.0.2) lib/active_record/migration.rb:573:in `check_pending!'
activerecord (5.0.2) lib/active_record/migration.rb:549:in `call'
actionpack (5.0.2) lib/action_dispatch/middleware/callbacks.rb:38:in `block in call'
activesupport (5.0.2) lib/active_support/callbacks.rb:97:in `__run_callbacks__'
activesupport (5.0.2) lib/active_support/callbacks.rb:750:in `_run_call_callbacks'
activesupport (5.0.2) lib/active_support/callbacks.rb:90:in `run_callbacks'
actionpack (5.0.2) lib/action_dispatch/middleware/callbacks.rb:36:in `call'
actionpack (5.0.2) lib/action_dispatch/middleware/executor.rb:12:in `call'
actionpack (5.0.2) lib/action_dispatch/middleware/remote_ip.rb:79:in `call'
actionpack (5.0.2) lib/action_dispatch/middleware/debug_exceptions.rb:49:in `call'
web-console (3.5.0) lib/web_console/middleware.rb:135:in `call_app'
web-console (3.5.0) lib/web_console/middleware.rb:28:in `block in call'
web-console (3.5.0) lib/web_console/middleware.rb:18:in `catch'
web-console (3.5.0) lib/web_console/middleware.rb:18:in `call'
actionpack (5.0.2) lib/action_dispatch/middleware/show_exceptions.rb:31:in `call'
railties (5.0.2) lib/rails/rack/logger.rb:36:in `call_app'
railties (5.0.2) lib/rails/rack/logger.rb:24:in `block in call'
activesupport (5.0.2) lib/active_support/tagged_logging.rb:69:in `block in tagged'
activesupport (5.0.2) lib/active_support/tagged_logging.rb:26:in `tagged'
activesupport (5.0.2) lib/active_support/tagged_logging.rb:69:in `tagged'
railties (5.0.2) lib/rails/rack/logger.rb:24:in `call'
sprockets-rails (3.2.0) lib/sprockets/rails/quiet_assets.rb:13:in `call'
actionpack (5.0.2) lib/action_dispatch/middleware/request_id.rb:24:in `call'
rack (2.0.1) lib/rack/method_override.rb:22:in `call'
rack (2.0.1) lib/rack/runtime.rb:22:in `call'
activesupport (5.0.2) lib/active_support/cache/strategy/local_cache_middleware.rb:28:in `call'
actionpack (5.0.2) lib/action_dispatch/middleware/executor.rb:12:in `call'
actionpack (5.0.2) lib/action_dispatch/middleware/static.rb:136:in `call'
rack (2.0.1) lib/rack/sendfile.rb:111:in `call'
railties (5.0.2) lib/rails/engine.rb:522:in `call'
puma (3.8.2) lib/puma/configuration.rb:224:in `call'
puma (3.8.2) lib/puma/server.rb:600:in `handle_request'
puma (3.8.2) lib/puma/server.rb:435:in `process_client'
puma (3.8.2) lib/puma/server.rb:299:in `block in run'
puma (3.8.2) lib/puma/thread_pool.rb:120:in `block in spawn_thread'
  Rendering /Users/rdsida/.gem/ruby/2.3.3/gems/actionpack-5.0.2/lib/action_dispatch/middleware/templates/rescues/diagnostics.html.erb within rescues/layout
  Rendering /Users/rdsida/.gem/ruby/2.3.3/gems/actionpack-5.0.2/lib/action_dispatch/middleware/templates/rescues/_source.html.erb
  Rendered /Users/rdsida/.gem/ruby/2.3.3/gems/actionpack-5.0.2/lib/action_dispatch/middleware/templates/rescues/_source.html.erb (1.5ms)
  Rendering /Users/rdsida/.gem/ruby/2.3.3/gems/actionpack-5.0.2/lib/action_dispatch/middleware/templates/rescues/_trace.html.erb
  Rendered /Users/rdsida/.gem/ruby/2.3.3/gems/actionpack-5.0.2/lib/action_dispatch/middleware/templates/rescues/_trace.html.erb (1.0ms)
  Rendering /Users/rdsida/.gem/ruby/2.3.3/gems/actionpack-5.0.2/lib/action_dispatch/middleware/templates/rescues/_request_and_response.html.erb
  Rendered /Users/rdsida/.gem/ruby/2.3.3/gems/actionpack-5.0.2/lib/action_dispatch/middleware/templates/rescues/_request_and_response.html.erb (0.8ms)
  Rendered /Users/rdsida/.gem/ruby/2.3.3/gems/actionpack-5.0.2/lib/action_dispatch/middleware/templates/rescues/diagnostics.html.erb within rescues/layout (49.0ms)
  [1m[35m (0.2ms)[0m  [1m[34mSELECT pg_try_advisory_lock(4886658397919334225);[0m
  [1m[36mActiveRecord::SchemaMigration Load (0.5ms)[0m  [1m[34mSELECT "schema_migrations".* FROM "schema_migrations"[0m
Migrating to CreateWeeks (20170404035554)
  [1m[35m (0.1ms)[0m  [1m[35mBEGIN[0m
  [1m[35m (6.0ms)[0m  [1m[35mCREATE TABLE "weeks" ("id" serial primary key, "winner_1" integer, "winner_2" integer, "created_at" timestamp NOT NULL, "updated_at" timestamp NOT NULL)[0m
  [1m[35mSQL (0.4ms)[0m  [1m[32mINSERT INTO "schema_migrations" ("version") VALUES ($1) RETURNING "version"[0m  [["version", "20170404035554"]]
  [1m[35m (86.9ms)[0m  [1m[35mCOMMIT[0m
  [1m[36mActiveRecord::InternalMetadata Load (0.5ms)[0m  [1m[34mSELECT  "ar_internal_metadata".* FROM "ar_internal_metadata" WHERE "ar_internal_metadata"."key" = $1 LIMIT $2[0m  [["key", :environment], ["LIMIT", 1]]
  [1m[35m (0.1ms)[0m  [1m[35mBEGIN[0m
  [1m[35m (0.1ms)[0m  [1m[35mCOMMIT[0m
  [1m[35m (0.1ms)[0m  [1m[34mSELECT pg_advisory_unlock(4886658397919334225)[0m
  [1m[36mActiveRecord::SchemaMigration Load (0.2ms)[0m  [1m[34mSELECT "schema_migrations".* FROM "schema_migrations"[0m
Started GET "/" for ::1 at 2017-04-03 22:56:24 -0500
  [1m[36mActiveRecord::SchemaMigration Load (0.4ms)[0m  [1m[34mSELECT "schema_migrations".* FROM "schema_migrations"[0m
Processing by UsersController#index as HTML
  Rendering users/index.html.erb within layouts/application
  [1m[36mUser Load (0.9ms)[0m  [1m[34mSELECT "users".* FROM "users" ORDER BY score ASC[0m
  Rendered users/index.html.erb within layouts/application (4.8ms)
  [1m[36mWeek Load (0.6ms)[0m  [1m[34mSELECT "weeks".* FROM "weeks"[0m
Completed 200 OK in 829ms (Views: 815.0ms | ActiveRecord: 4.0ms)


